{"level":"info","message":"listening on port 5000","timestamp":"2021-04-02T11:19:31.780Z"}
{"level":"info","message":"Connected to mongodb://localhost/MyMovieApp...","timestamp":"2021-04-02T11:19:31.796Z"}
{"level":"info","message":"listening on port 5000","timestamp":"2021-04-02T11:29:04.032Z"}
{"level":"info","message":"Connected to mongodb://localhost/MyMovieApp...","timestamp":"2021-04-02T11:29:04.047Z"}
{"level":"info","message":"listening on port 5000","timestamp":"2021-04-14T12:31:14.271Z"}
{"level":"info","message":"Connected to mongodb://localhost/MyMovieApp...","timestamp":"2021-04-14T12:31:14.287Z"}
{"level":"info","message":"listening on port 5000","timestamp":"2021-04-23T15:38:10.094Z"}
{"level":"info","message":"Connected to mongodb://localhost/MyMovieApp...","timestamp":"2021-04-23T15:38:10.110Z"}
{"level":"info","message":"listening on port 5000","timestamp":"2021-04-23T15:43:19.989Z"}
{"level":"info","message":"Connected to mongodb://localhost/MyMovieApp...","timestamp":"2021-04-23T15:43:20.004Z"}
{"level":"info","message":"listening on port 5000","timestamp":"2021-04-23T15:44:17.530Z"}
{"level":"info","message":"Connected to mongodb://localhost/MyMovieApp...","timestamp":"2021-04-23T15:44:17.546Z"}
{"level":"info","message":"listening on port 5000","timestamp":"2021-04-23T17:03:53.474Z"}
{"level":"info","message":"Connected to mongodb://localhost/MyMovieApp...","timestamp":"2021-04-23T17:03:53.491Z"}
{"level":"info","message":"listening on port 5000","timestamp":"2021-04-23T17:04:30.281Z"}
{"level":"info","message":"Connected to mongodb://localhost/MyMovieApp...","timestamp":"2021-04-23T17:04:30.296Z"}
{"message":"Genre validation failed: name: Path `name` is required.","stack":"ValidationError: Genre validation failed: name: Path `name` is required.\n    at model.Document.invalidate (D:\\Aplications\\Apps\\genres\\node_modules\\mongoose\\lib\\document.js:2703:32)\n    at D:\\Aplications\\Apps\\genres\\node_modules\\mongoose\\lib\\document.js:2523:17\n    at D:\\Aplications\\Apps\\genres\\node_modules\\mongoose\\lib\\schematype.js:1254:9\n    at processTicksAndRejections (internal/process/task_queues.js:75:11)","errors":{"name":{"properties":{"message":"Path `name` is required.","type":"required","path":"name"},"kind":"required","path":"name"}},"_message":"Genre validation failed","level":"error","timestamp":"2021-04-23T17:08:41.462Z"}
{"level":"info","message":"listening on port 5000","timestamp":"2021-04-23T17:10:36.187Z"}
{"level":"info","message":"Connected to mongodb://localhost/MyMovieApp...","timestamp":"2021-04-23T17:10:36.205Z"}
{"message":"Movie validation failed: genre.genre: Path `genre` is required., genre: Validation failed: genre: Path `genre` is required.","stack":"ValidationError: Movie validation failed: genre.genre: Path `genre` is required., genre: Validation failed: genre: Path `genre` is required.\n    at model.Document.invalidate (D:\\Aplications\\Apps\\genres\\node_modules\\mongoose\\lib\\document.js:2703:32)\n    at SingleNested.Subdocument.invalidate (D:\\Aplications\\Apps\\genres\\node_modules\\mongoose\\lib\\types\\subdocument.js:177:20)\n    at D:\\Aplications\\Apps\\genres\\node_modules\\mongoose\\lib\\document.js:2523:17\n    at D:\\Aplications\\Apps\\genres\\node_modules\\mongoose\\lib\\schematype.js:1254:9\n    at processTicksAndRejections (internal/process/task_queues.js:75:11)","errors":{"genre.genre":{"properties":{"message":"Path `genre` is required.","type":"required","path":"genre"},"kind":"required","path":"genre"},"genre":{"errors":{"genre":{"$ref":"$[\"errors\"][\"genre.genre\"]"}},"_message":"Validation failed"}},"_message":"Movie validation failed","level":"error","timestamp":"2021-04-23T17:17:03.073Z"}
{"level":"info","message":"listening on port 5000","timestamp":"2021-04-23T17:18:12.509Z"}
{"level":"info","message":"Connected to mongodb://localhost/MyMovieApp...","timestamp":"2021-04-23T17:18:12.526Z"}
{"message":"Movie validation failed: genre.genre: Path `genre` is required., genre: Validation failed: genre: Path `genre` is required.","stack":"ValidationError: Movie validation failed: genre.genre: Path `genre` is required., genre: Validation failed: genre: Path `genre` is required.\n    at model.Document.invalidate (D:\\Aplications\\Apps\\genres\\node_modules\\mongoose\\lib\\document.js:2703:32)\n    at SingleNested.Subdocument.invalidate (D:\\Aplications\\Apps\\genres\\node_modules\\mongoose\\lib\\types\\subdocument.js:177:20)\n    at D:\\Aplications\\Apps\\genres\\node_modules\\mongoose\\lib\\document.js:2523:17\n    at D:\\Aplications\\Apps\\genres\\node_modules\\mongoose\\lib\\schematype.js:1254:9\n    at processTicksAndRejections (internal/process/task_queues.js:75:11)","errors":{"genre.genre":{"properties":{"message":"Path `genre` is required.","type":"required","path":"genre"},"kind":"required","path":"genre"},"genre":{"errors":{"genre":{"$ref":"$[\"errors\"][\"genre.genre\"]"}},"_message":"Validation failed"}},"_message":"Movie validation failed","level":"error","timestamp":"2021-04-23T17:18:13.595Z"}
{"level":"info","message":"listening on port 5000","timestamp":"2021-04-23T17:18:17.747Z"}
{"level":"info","message":"Connected to mongodb://localhost/MyMovieApp...","timestamp":"2021-04-23T17:18:17.767Z"}
{"message":"Movie validation failed: genre.genre: Path `genre` is required., genre: Validation failed: genre: Path `genre` is required.","stack":"ValidationError: Movie validation failed: genre.genre: Path `genre` is required., genre: Validation failed: genre: Path `genre` is required.\n    at model.Document.invalidate (D:\\Aplications\\Apps\\genres\\node_modules\\mongoose\\lib\\document.js:2703:32)\n    at SingleNested.Subdocument.invalidate (D:\\Aplications\\Apps\\genres\\node_modules\\mongoose\\lib\\types\\subdocument.js:177:20)\n    at D:\\Aplications\\Apps\\genres\\node_modules\\mongoose\\lib\\document.js:2523:17\n    at D:\\Aplications\\Apps\\genres\\node_modules\\mongoose\\lib\\schematype.js:1254:9\n    at processTicksAndRejections (internal/process/task_queues.js:75:11)","errors":{"genre.genre":{"properties":{"message":"Path `genre` is required.","type":"required","path":"genre"},"kind":"required","path":"genre"},"genre":{"errors":{"genre":{"$ref":"$[\"errors\"][\"genre.genre\"]"}},"_message":"Validation failed"}},"_message":"Movie validation failed","level":"error","timestamp":"2021-04-23T17:18:18.601Z"}
{"message":"Movie validation failed: genre.genre: Path `genre` is required., genre: Validation failed: genre: Path `genre` is required.","stack":"ValidationError: Movie validation failed: genre.genre: Path `genre` is required., genre: Validation failed: genre: Path `genre` is required.\n    at model.Document.invalidate (D:\\Aplications\\Apps\\genres\\node_modules\\mongoose\\lib\\document.js:2703:32)\n    at SingleNested.Subdocument.invalidate (D:\\Aplications\\Apps\\genres\\node_modules\\mongoose\\lib\\types\\subdocument.js:177:20)\n    at D:\\Aplications\\Apps\\genres\\node_modules\\mongoose\\lib\\document.js:2523:17\n    at D:\\Aplications\\Apps\\genres\\node_modules\\mongoose\\lib\\schematype.js:1254:9\n    at processTicksAndRejections (internal/process/task_queues.js:75:11)","errors":{"genre.genre":{"properties":{"message":"Path `genre` is required.","type":"required","path":"genre"},"kind":"required","path":"genre"},"genre":{"errors":{"genre":{"$ref":"$[\"errors\"][\"genre.genre\"]"}},"_message":"Validation failed"}},"_message":"Movie validation failed","level":"error","timestamp":"2021-04-23T17:18:57.436Z"}
{"message":"Movie validation failed: genre.genre: Path `genre` is required., genre: Validation failed: genre: Path `genre` is required.","stack":"ValidationError: Movie validation failed: genre.genre: Path `genre` is required., genre: Validation failed: genre: Path `genre` is required.\n    at model.Document.invalidate (D:\\Aplications\\Apps\\genres\\node_modules\\mongoose\\lib\\document.js:2703:32)\n    at SingleNested.Subdocument.invalidate (D:\\Aplications\\Apps\\genres\\node_modules\\mongoose\\lib\\types\\subdocument.js:177:20)\n    at D:\\Aplications\\Apps\\genres\\node_modules\\mongoose\\lib\\document.js:2523:17\n    at D:\\Aplications\\Apps\\genres\\node_modules\\mongoose\\lib\\schematype.js:1254:9\n    at processTicksAndRejections (internal/process/task_queues.js:75:11)","errors":{"genre.genre":{"properties":{"message":"Path `genre` is required.","type":"required","path":"genre"},"kind":"required","path":"genre"},"genre":{"errors":{"genre":{"$ref":"$[\"errors\"][\"genre.genre\"]"}},"_message":"Validation failed"}},"_message":"Movie validation failed","level":"error","timestamp":"2021-04-23T17:20:49.324Z"}
{"level":"info","message":"listening on port 5000","timestamp":"2021-04-23T17:21:58.410Z"}
{"level":"info","message":"Connected to mongodb://localhost/MyMovieApp...","timestamp":"2021-04-23T17:21:58.426Z"}
{"level":"info","message":"listening on port 5000","timestamp":"2021-04-23T17:23:15.863Z"}
{"level":"info","message":"Connected to mongodb://localhost/MyMovieApp...","timestamp":"2021-04-23T17:23:15.881Z"}
{"level":"info","message":"listening on port 5000","timestamp":"2021-04-23T17:31:10.357Z"}
{"level":"info","message":"Connected to mongodb://localhost/MyMovieApp...","timestamp":"2021-04-23T17:31:10.376Z"}
{"level":"info","message":"listening on port 5000","timestamp":"2021-04-23T17:34:16.219Z"}
{"level":"info","message":"Connected to mongodb://localhost/MyMovieApp...","timestamp":"2021-04-23T17:34:16.233Z"}
{"level":"info","message":"listening on port 2000","timestamp":"2021-04-23T17:37:13.827Z"}
{"level":"info","message":"Connected to mongodb://localhost/MyMovieApp...","timestamp":"2021-04-23T17:37:13.842Z"}
{"level":"info","message":"listening on port 2000","timestamp":"2021-04-23T17:37:55.312Z"}
{"level":"info","message":"listening on port 5000","timestamp":"2021-04-23T17:37:55.311Z"}
{"level":"info","message":"Connected to mongodb://localhost/MyMovieApp...","timestamp":"2021-04-23T17:37:55.327Z"}
{"level":"info","message":"Connected to mongodb://localhost/MyMovieApp...","timestamp":"2021-04-23T17:37:55.327Z"}
{"level":"info","message":"listening on port 2000","timestamp":"2021-04-23T17:41:46.592Z"}
{"level":"info","message":"listening on port 5000","timestamp":"2021-04-23T17:41:46.594Z"}
{"level":"info","message":"Connected to mongodb://localhost/MyMovieApp...","timestamp":"2021-04-23T17:41:46.607Z"}
{"level":"info","message":"Connected to mongodb://localhost/MyMovieApp...","timestamp":"2021-04-23T17:41:46.609Z"}
{"level":"info","message":"listening on port 2000","timestamp":"2021-04-23T17:43:11.165Z"}
{"level":"info","message":"listening on port 5000","timestamp":"2021-04-23T17:43:11.166Z"}
{"level":"info","message":"Connected to mongodb://localhost/MyMovieApp...","timestamp":"2021-04-23T17:43:11.180Z"}
{"level":"info","message":"Connected to mongodb://localhost/MyMovieApp...","timestamp":"2021-04-23T17:43:11.181Z"}
{"level":"info","message":"listening on port 5000","timestamp":"2021-04-23T20:37:38.489Z"}
{"level":"info","message":"listening on port 2000","timestamp":"2021-04-23T20:37:38.489Z"}
{"level":"info","message":"Connected to mongodb://localhost/MyMovieApp...","timestamp":"2021-04-23T20:37:38.503Z"}
{"level":"info","message":"Connected to mongodb://localhost/MyMovieApp...","timestamp":"2021-04-23T20:37:38.613Z"}
{"level":"info","message":"listening on port 5000","timestamp":"2021-04-24T10:52:28.265Z"}
{"level":"info","message":"Connected to mongodb://localhost/MyMovieApp...","timestamp":"2021-04-24T10:52:28.281Z"}
{"level":"info","message":"listening on port 5000","timestamp":"2021-04-25T12:21:14.988Z"}
{"level":"info","message":"Connected to mongodb://localhost/MyMovieApp...","timestamp":"2021-04-25T12:21:15.038Z"}
{"level":"info","message":"listening on port 5000","timestamp":"2021-04-25T19:01:28.458Z"}
{"level":"info","message":"Connected to mongodb://localhost/MyMovieApp...","timestamp":"2021-04-25T19:01:28.506Z"}
{"level":"info","message":"listening on port 5000","timestamp":"2021-04-25T19:17:33.162Z"}
{"level":"info","message":"Connected to mongodb://localhost/MyMovieApp...","timestamp":"2021-04-25T19:17:33.191Z"}
{"level":"info","message":"Connected to mongodb://localhost/MyMovieApp...","timestamp":"2021-04-27T17:48:50.484Z"}
{"level":"info","message":"listening on port 5000","timestamp":"2021-04-27T17:50:57.795Z"}
{"level":"info","message":"Connected to mongodb://localhost/MyMovieApp...","timestamp":"2021-04-27T17:50:57.809Z"}
{"level":"info","message":"listening on port 5000","timestamp":"2021-04-27T18:01:59.275Z"}
{"level":"info","message":"Connected to mongodb://localhost/MyMovieApp...","timestamp":"2021-04-27T18:01:59.289Z"}
{"level":"info","message":"listening on port 5000","timestamp":"2021-04-27T18:41:02.876Z"}
{"level":"info","message":"Connected to mongodb://localhost/MyMovieApp...","timestamp":"2021-04-27T18:41:02.892Z"}
{"message":"Cannot set headers after they are sent to the client","stack":"Error [ERR_HTTP_HEADERS_SENT]: Cannot set headers after they are sent to the client\n    at ServerResponse.setHeader (_http_outgoing.js:558:11)\n    at ServerResponse.header (D:\\Aplications\\Apps\\genres\\node_modules\\express\\lib\\response.js:771:10)\n    at ServerResponse.send (D:\\Aplications\\Apps\\genres\\node_modules\\express\\lib\\response.js:170:12)\n    at ServerResponse.json (D:\\Aplications\\Apps\\genres\\node_modules\\express\\lib\\response.js:267:15)\n    at ServerResponse.send (D:\\Aplications\\Apps\\genres\\node_modules\\express\\lib\\response.js:158:21)\n    at D:\\Aplications\\Apps\\genres\\routes\\movies.js:69:5","code":"ERR_HTTP_HEADERS_SENT","level":"error","timestamp":"2021-04-27T18:49:04.270Z"}
{"level":"info","message":"listening on port 5000","timestamp":"2021-04-27T19:00:24.570Z"}
{"level":"info","message":"Connected to mongodb://localhost/MyMovieApp...","timestamp":"2021-04-27T19:00:24.585Z"}
{"level":"info","message":"listening on port 5000","timestamp":"2021-04-27T19:01:04.752Z"}
{"level":"info","message":"Connected to mongodb://localhost/MyMovieApp...","timestamp":"2021-04-27T19:01:04.769Z"}
{"level":"info","message":"listening on port 5000","timestamp":"2021-04-27T19:01:54.599Z"}
{"level":"info","message":"Connected to mongodb://localhost/MyMovieApp...","timestamp":"2021-04-27T19:01:54.614Z"}
{"level":"info","message":"listening on port 5000","timestamp":"2021-04-27T19:02:49.863Z"}
{"level":"info","message":"Connected to mongodb://localhost/MyMovieApp...","timestamp":"2021-04-27T19:02:49.878Z"}
{"level":"info","message":"listening on port 5000","timestamp":"2021-04-27T19:03:50.029Z"}
{"level":"info","message":"Connected to mongodb://localhost/MyMovieApp...","timestamp":"2021-04-27T19:03:50.055Z"}
{"level":"info","message":"listening on port 5000","timestamp":"2021-04-27T19:05:57.001Z"}
{"level":"info","message":"Connected to mongodb://localhost/MyMovieApp...","timestamp":"2021-04-27T19:05:57.016Z"}
{"level":"info","message":"listening on port 5000","timestamp":"2021-04-27T19:06:19.897Z"}
{"level":"info","message":"Connected to mongodb://localhost/MyMovieApp...","timestamp":"2021-04-27T19:06:19.912Z"}
{"level":"info","message":"listening on port 5000","timestamp":"2021-04-27T19:07:06.567Z"}
{"level":"info","message":"Connected to mongodb://localhost/MyMovieApp...","timestamp":"2021-04-27T19:07:06.582Z"}
{"level":"info","message":"listening on port 5000","timestamp":"2021-04-27T19:07:39.243Z"}
{"level":"info","message":"Connected to mongodb://localhost/MyMovieApp...","timestamp":"2021-04-27T19:07:39.258Z"}
{"level":"info","message":"listening on port 5000","timestamp":"2021-04-27T19:08:53.365Z"}
{"level":"info","message":"Connected to mongodb://localhost/MyMovieApp...","timestamp":"2021-04-27T19:08:53.382Z"}
{"level":"info","message":"listening on port 5000","timestamp":"2021-04-27T19:09:12.579Z"}
{"level":"info","message":"Connected to mongodb://localhost/MyMovieApp...","timestamp":"2021-04-27T19:09:12.594Z"}
{"level":"info","message":"listening on port 5000","timestamp":"2021-04-27T19:09:47.716Z"}
{"level":"info","message":"Connected to mongodb://localhost/MyMovieApp...","timestamp":"2021-04-27T19:09:47.730Z"}
{"level":"info","message":"listening on port 5000","timestamp":"2021-04-27T19:10:19.273Z"}
{"level":"info","message":"Connected to mongodb://localhost/MyMovieApp...","timestamp":"2021-04-27T19:10:19.288Z"}
{"level":"info","message":"listening on port 5000","timestamp":"2021-04-27T19:10:47.751Z"}
{"level":"info","message":"Connected to mongodb://localhost/MyMovieApp...","timestamp":"2021-04-27T19:10:47.766Z"}
{"level":"info","message":"listening on port 5000","timestamp":"2021-04-27T19:11:20.968Z"}
{"level":"info","message":"Connected to mongodb://localhost/MyMovieApp...","timestamp":"2021-04-27T19:11:20.985Z"}
{"level":"info","message":"listening on port 5000","timestamp":"2021-04-27T19:11:31.230Z"}
{"level":"info","message":"Connected to mongodb://localhost/MyMovieApp...","timestamp":"2021-04-27T19:11:31.244Z"}
{"level":"info","message":"listening on port 5000","timestamp":"2021-04-27T19:11:47.063Z"}
{"level":"info","message":"Connected to mongodb://localhost/MyMovieApp...","timestamp":"2021-04-27T19:11:47.078Z"}
{"level":"info","message":"listening on port 5000","timestamp":"2021-04-27T19:13:13.155Z"}
{"level":"info","message":"Connected to mongodb://localhost/MyMovieApp...","timestamp":"2021-04-27T19:13:13.169Z"}
{"level":"info","message":"listening on port 5000","timestamp":"2021-04-27T19:14:33.629Z"}
{"level":"info","message":"Connected to mongodb://localhost/MyMovieApp...","timestamp":"2021-04-27T19:14:33.645Z"}
{"message":"Cannot set headers after they are sent to the client","stack":"Error [ERR_HTTP_HEADERS_SENT]: Cannot set headers after they are sent to the client\n    at ServerResponse.setHeader (_http_outgoing.js:558:11)\n    at ServerResponse.header (D:\\Aplications\\Apps\\genres\\node_modules\\express\\lib\\response.js:771:10)\n    at ServerResponse.send (D:\\Aplications\\Apps\\genres\\node_modules\\express\\lib\\response.js:170:12)\n    at ServerResponse.json (D:\\Aplications\\Apps\\genres\\node_modules\\express\\lib\\response.js:267:15)\n    at ServerResponse.send (D:\\Aplications\\Apps\\genres\\node_modules\\express\\lib\\response.js:158:21)\n    at D:\\Aplications\\Apps\\genres\\routes\\movies.js:70:5","code":"ERR_HTTP_HEADERS_SENT","level":"error","timestamp":"2021-04-27T19:14:34.830Z"}
{"level":"info","message":"listening on port 5000","timestamp":"2021-04-27T19:14:52.520Z"}
{"level":"info","message":"Connected to mongodb://localhost/MyMovieApp...","timestamp":"2021-04-27T19:14:52.535Z"}
{"message":"Cannot set headers after they are sent to the client","stack":"Error [ERR_HTTP_HEADERS_SENT]: Cannot set headers after they are sent to the client\n    at ServerResponse.setHeader (_http_outgoing.js:558:11)\n    at ServerResponse.header (D:\\Aplications\\Apps\\genres\\node_modules\\express\\lib\\response.js:771:10)\n    at ServerResponse.send (D:\\Aplications\\Apps\\genres\\node_modules\\express\\lib\\response.js:170:12)\n    at ServerResponse.json (D:\\Aplications\\Apps\\genres\\node_modules\\express\\lib\\response.js:267:15)\n    at ServerResponse.send (D:\\Aplications\\Apps\\genres\\node_modules\\express\\lib\\response.js:158:21)\n    at D:\\Aplications\\Apps\\genres\\routes\\movies.js:70:5","code":"ERR_HTTP_HEADERS_SENT","level":"error","timestamp":"2021-04-27T19:14:58.782Z"}
{"level":"info","message":"listening on port 5000","timestamp":"2021-04-27T19:15:42.199Z"}
{"level":"info","message":"Connected to mongodb://localhost/MyMovieApp...","timestamp":"2021-04-27T19:15:42.213Z"}
{"level":"info","message":"listening on port 5000","timestamp":"2021-04-27T19:15:45.236Z"}
{"level":"info","message":"Connected to mongodb://localhost/MyMovieApp...","timestamp":"2021-04-27T19:15:45.270Z"}
{"level":"info","message":"listening on port 5000","timestamp":"2021-04-27T19:16:21.059Z"}
{"level":"info","message":"Connected to mongodb://localhost/MyMovieApp...","timestamp":"2021-04-27T19:16:21.075Z"}
{"level":"info","message":"listening on port 5000","timestamp":"2021-04-27T19:17:27.117Z"}
{"level":"info","message":"Connected to mongodb://localhost/MyMovieApp...","timestamp":"2021-04-27T19:17:27.131Z"}
{"message":"jwtPrivateKey is not defined","stack":"ReferenceError: jwtPrivateKey is not defined\n    at auth (D:\\Aplications\\Apps\\genres\\middleware\\auth.js:10:27)\n    at newFn (D:\\Aplications\\Apps\\genres\\node_modules\\express-async-errors\\index.js:16:20)\n    at Layer.handle [as handle_request] (D:\\Aplications\\Apps\\genres\\node_modules\\express\\lib\\router\\layer.js:95:5)\n    at next (D:\\Aplications\\Apps\\genres\\node_modules\\express\\lib\\router\\route.js:137:13)\n    at Route.dispatch (D:\\Aplications\\Apps\\genres\\node_modules\\express\\lib\\router\\route.js:112:3)\n    at newFn (D:\\Aplications\\Apps\\genres\\node_modules\\express-async-errors\\index.js:16:20)\n    at Layer.handle [as handle_request] (D:\\Aplications\\Apps\\genres\\node_modules\\express\\lib\\router\\layer.js:95:5)\n    at D:\\Aplications\\Apps\\genres\\node_modules\\express\\lib\\router\\index.js:281:22\n    at param (D:\\Aplications\\Apps\\genres\\node_modules\\express\\lib\\router\\index.js:354:14)\n    at param (D:\\Aplications\\Apps\\genres\\node_modules\\express\\lib\\router\\index.js:365:14)\n    at Function.process_params (D:\\Aplications\\Apps\\genres\\node_modules\\express\\lib\\router\\index.js:410:3)\n    at next (D:\\Aplications\\Apps\\genres\\node_modules\\express\\lib\\router\\index.js:275:10)\n    at Function.handle (D:\\Aplications\\Apps\\genres\\node_modules\\express\\lib\\router\\index.js:174:3)\n    at router (D:\\Aplications\\Apps\\genres\\node_modules\\express\\lib\\router\\index.js:47:12)\n    at newFn (D:\\Aplications\\Apps\\genres\\node_modules\\express-async-errors\\index.js:16:20)\n    at Layer.handle [as handle_request] (D:\\Aplications\\Apps\\genres\\node_modules\\express\\lib\\router\\layer.js:95:5)\n    at trim_prefix (D:\\Aplications\\Apps\\genres\\node_modules\\express\\lib\\router\\index.js:317:13)\n    at D:\\Aplications\\Apps\\genres\\node_modules\\express\\lib\\router\\index.js:284:7\n    at Function.process_params (D:\\Aplications\\Apps\\genres\\node_modules\\express\\lib\\router\\index.js:335:12)\n    at next (D:\\Aplications\\Apps\\genres\\node_modules\\express\\lib\\router\\index.js:275:10)\n    at D:\\Aplications\\Apps\\genres\\node_modules\\express\\lib\\router\\index.js:635:15\n    at next (D:\\Aplications\\Apps\\genres\\node_modules\\express\\lib\\router\\index.js:260:14)","level":"error","timestamp":"2021-04-27T19:17:35.470Z"}
{"level":"info","message":"listening on port 5000","timestamp":"2021-04-27T19:18:20.333Z"}
{"level":"info","message":"Connected to mongodb://localhost/MyMovieApp...","timestamp":"2021-04-27T19:18:20.351Z"}
{"message":"jwtPrivateKey is not defined","stack":"ReferenceError: jwtPrivateKey is not defined\n    at auth (D:\\Aplications\\Apps\\genres\\middleware\\auth.js:10:27)\n    at newFn (D:\\Aplications\\Apps\\genres\\node_modules\\express-async-errors\\index.js:16:20)\n    at Layer.handle [as handle_request] (D:\\Aplications\\Apps\\genres\\node_modules\\express\\lib\\router\\layer.js:95:5)\n    at next (D:\\Aplications\\Apps\\genres\\node_modules\\express\\lib\\router\\route.js:137:13)\n    at Route.dispatch (D:\\Aplications\\Apps\\genres\\node_modules\\express\\lib\\router\\route.js:112:3)\n    at newFn (D:\\Aplications\\Apps\\genres\\node_modules\\express-async-errors\\index.js:16:20)\n    at Layer.handle [as handle_request] (D:\\Aplications\\Apps\\genres\\node_modules\\express\\lib\\router\\layer.js:95:5)\n    at D:\\Aplications\\Apps\\genres\\node_modules\\express\\lib\\router\\index.js:281:22\n    at param (D:\\Aplications\\Apps\\genres\\node_modules\\express\\lib\\router\\index.js:354:14)\n    at param (D:\\Aplications\\Apps\\genres\\node_modules\\express\\lib\\router\\index.js:365:14)\n    at Function.process_params (D:\\Aplications\\Apps\\genres\\node_modules\\express\\lib\\router\\index.js:410:3)\n    at next (D:\\Aplications\\Apps\\genres\\node_modules\\express\\lib\\router\\index.js:275:10)\n    at Function.handle (D:\\Aplications\\Apps\\genres\\node_modules\\express\\lib\\router\\index.js:174:3)\n    at router (D:\\Aplications\\Apps\\genres\\node_modules\\express\\lib\\router\\index.js:47:12)\n    at newFn (D:\\Aplications\\Apps\\genres\\node_modules\\express-async-errors\\index.js:16:20)\n    at Layer.handle [as handle_request] (D:\\Aplications\\Apps\\genres\\node_modules\\express\\lib\\router\\layer.js:95:5)\n    at trim_prefix (D:\\Aplications\\Apps\\genres\\node_modules\\express\\lib\\router\\index.js:317:13)\n    at D:\\Aplications\\Apps\\genres\\node_modules\\express\\lib\\router\\index.js:284:7\n    at Function.process_params (D:\\Aplications\\Apps\\genres\\node_modules\\express\\lib\\router\\index.js:335:12)\n    at next (D:\\Aplications\\Apps\\genres\\node_modules\\express\\lib\\router\\index.js:275:10)\n    at D:\\Aplications\\Apps\\genres\\node_modules\\express\\lib\\router\\index.js:635:15\n    at next (D:\\Aplications\\Apps\\genres\\node_modules\\express\\lib\\router\\index.js:260:14)","level":"error","timestamp":"2021-04-27T19:18:23.541Z"}
{"level":"info","message":"listening on port 5000","timestamp":"2021-04-27T19:18:49.903Z"}
{"level":"info","message":"Connected to mongodb://localhost/MyMovieApp...","timestamp":"2021-04-27T19:18:49.918Z"}
{"message":"jwtPrivateKey is not defined","stack":"ReferenceError: jwtPrivateKey is not defined\n    at auth (D:\\Aplications\\Apps\\genres\\middleware\\auth.js:10:27)\n    at newFn (D:\\Aplications\\Apps\\genres\\node_modules\\express-async-errors\\index.js:16:20)\n    at Layer.handle [as handle_request] (D:\\Aplications\\Apps\\genres\\node_modules\\express\\lib\\router\\layer.js:95:5)\n    at next (D:\\Aplications\\Apps\\genres\\node_modules\\express\\lib\\router\\route.js:137:13)\n    at Route.dispatch (D:\\Aplications\\Apps\\genres\\node_modules\\express\\lib\\router\\route.js:112:3)\n    at newFn (D:\\Aplications\\Apps\\genres\\node_modules\\express-async-errors\\index.js:16:20)\n    at Layer.handle [as handle_request] (D:\\Aplications\\Apps\\genres\\node_modules\\express\\lib\\router\\layer.js:95:5)\n    at D:\\Aplications\\Apps\\genres\\node_modules\\express\\lib\\router\\index.js:281:22\n    at param (D:\\Aplications\\Apps\\genres\\node_modules\\express\\lib\\router\\index.js:354:14)\n    at param (D:\\Aplications\\Apps\\genres\\node_modules\\express\\lib\\router\\index.js:365:14)\n    at Function.process_params (D:\\Aplications\\Apps\\genres\\node_modules\\express\\lib\\router\\index.js:410:3)\n    at next (D:\\Aplications\\Apps\\genres\\node_modules\\express\\lib\\router\\index.js:275:10)\n    at Function.handle (D:\\Aplications\\Apps\\genres\\node_modules\\express\\lib\\router\\index.js:174:3)\n    at router (D:\\Aplications\\Apps\\genres\\node_modules\\express\\lib\\router\\index.js:47:12)\n    at newFn (D:\\Aplications\\Apps\\genres\\node_modules\\express-async-errors\\index.js:16:20)\n    at Layer.handle [as handle_request] (D:\\Aplications\\Apps\\genres\\node_modules\\express\\lib\\router\\layer.js:95:5)\n    at trim_prefix (D:\\Aplications\\Apps\\genres\\node_modules\\express\\lib\\router\\index.js:317:13)\n    at D:\\Aplications\\Apps\\genres\\node_modules\\express\\lib\\router\\index.js:284:7\n    at Function.process_params (D:\\Aplications\\Apps\\genres\\node_modules\\express\\lib\\router\\index.js:335:12)\n    at next (D:\\Aplications\\Apps\\genres\\node_modules\\express\\lib\\router\\index.js:275:10)\n    at D:\\Aplications\\Apps\\genres\\node_modules\\express\\lib\\router\\index.js:635:15\n    at next (D:\\Aplications\\Apps\\genres\\node_modules\\express\\lib\\router\\index.js:260:14)","level":"error","timestamp":"2021-04-27T19:18:51.229Z"}
{"level":"info","message":"listening on port 5000","timestamp":"2021-04-27T19:19:07.162Z"}
{"level":"info","message":"Connected to mongodb://localhost/MyMovieApp...","timestamp":"2021-04-27T19:19:07.177Z"}
{"message":"jwtPrivateKey is not defined","stack":"ReferenceError: jwtPrivateKey is not defined\n    at auth (D:\\Aplications\\Apps\\genres\\middleware\\auth.js:10:27)\n    at newFn (D:\\Aplications\\Apps\\genres\\node_modules\\express-async-errors\\index.js:16:20)\n    at Layer.handle [as handle_request] (D:\\Aplications\\Apps\\genres\\node_modules\\express\\lib\\router\\layer.js:95:5)\n    at next (D:\\Aplications\\Apps\\genres\\node_modules\\express\\lib\\router\\route.js:137:13)\n    at Route.dispatch (D:\\Aplications\\Apps\\genres\\node_modules\\express\\lib\\router\\route.js:112:3)\n    at newFn (D:\\Aplications\\Apps\\genres\\node_modules\\express-async-errors\\index.js:16:20)\n    at Layer.handle [as handle_request] (D:\\Aplications\\Apps\\genres\\node_modules\\express\\lib\\router\\layer.js:95:5)\n    at D:\\Aplications\\Apps\\genres\\node_modules\\express\\lib\\router\\index.js:281:22\n    at param (D:\\Aplications\\Apps\\genres\\node_modules\\express\\lib\\router\\index.js:354:14)\n    at param (D:\\Aplications\\Apps\\genres\\node_modules\\express\\lib\\router\\index.js:365:14)\n    at Function.process_params (D:\\Aplications\\Apps\\genres\\node_modules\\express\\lib\\router\\index.js:410:3)\n    at next (D:\\Aplications\\Apps\\genres\\node_modules\\express\\lib\\router\\index.js:275:10)\n    at Function.handle (D:\\Aplications\\Apps\\genres\\node_modules\\express\\lib\\router\\index.js:174:3)\n    at router (D:\\Aplications\\Apps\\genres\\node_modules\\express\\lib\\router\\index.js:47:12)\n    at newFn (D:\\Aplications\\Apps\\genres\\node_modules\\express-async-errors\\index.js:16:20)\n    at Layer.handle [as handle_request] (D:\\Aplications\\Apps\\genres\\node_modules\\express\\lib\\router\\layer.js:95:5)\n    at trim_prefix (D:\\Aplications\\Apps\\genres\\node_modules\\express\\lib\\router\\index.js:317:13)\n    at D:\\Aplications\\Apps\\genres\\node_modules\\express\\lib\\router\\index.js:284:7\n    at Function.process_params (D:\\Aplications\\Apps\\genres\\node_modules\\express\\lib\\router\\index.js:335:12)\n    at next (D:\\Aplications\\Apps\\genres\\node_modules\\express\\lib\\router\\index.js:275:10)\n    at D:\\Aplications\\Apps\\genres\\node_modules\\express\\lib\\router\\index.js:635:15\n    at next (D:\\Aplications\\Apps\\genres\\node_modules\\express\\lib\\router\\index.js:260:14)","level":"error","timestamp":"2021-04-27T19:19:11.631Z"}
{"level":"info","message":"listening on port 5000","timestamp":"2021-04-27T19:20:05.549Z"}
{"level":"info","message":"Connected to mongodb://localhost/MyMovieApp...","timestamp":"2021-04-27T19:20:05.565Z"}
{"level":"info","message":"listening on port 5000","timestamp":"2021-04-27T19:20:06.633Z"}
{"level":"info","message":"Connected to mongodb://localhost/MyMovieApp...","timestamp":"2021-04-27T19:20:06.648Z"}
{"message":"jwtPrivateKey is not defined","stack":"ReferenceError: jwtPrivateKey is not defined\n    at auth (D:\\Aplications\\Apps\\genres\\middleware\\auth.js:10:27)\n    at newFn (D:\\Aplications\\Apps\\genres\\node_modules\\express-async-errors\\index.js:16:20)\n    at Layer.handle [as handle_request] (D:\\Aplications\\Apps\\genres\\node_modules\\express\\lib\\router\\layer.js:95:5)\n    at next (D:\\Aplications\\Apps\\genres\\node_modules\\express\\lib\\router\\route.js:137:13)\n    at Route.dispatch (D:\\Aplications\\Apps\\genres\\node_modules\\express\\lib\\router\\route.js:112:3)\n    at newFn (D:\\Aplications\\Apps\\genres\\node_modules\\express-async-errors\\index.js:16:20)\n    at Layer.handle [as handle_request] (D:\\Aplications\\Apps\\genres\\node_modules\\express\\lib\\router\\layer.js:95:5)\n    at D:\\Aplications\\Apps\\genres\\node_modules\\express\\lib\\router\\index.js:281:22\n    at param (D:\\Aplications\\Apps\\genres\\node_modules\\express\\lib\\router\\index.js:354:14)\n    at param (D:\\Aplications\\Apps\\genres\\node_modules\\express\\lib\\router\\index.js:365:14)\n    at Function.process_params (D:\\Aplications\\Apps\\genres\\node_modules\\express\\lib\\router\\index.js:410:3)\n    at next (D:\\Aplications\\Apps\\genres\\node_modules\\express\\lib\\router\\index.js:275:10)\n    at Function.handle (D:\\Aplications\\Apps\\genres\\node_modules\\express\\lib\\router\\index.js:174:3)\n    at router (D:\\Aplications\\Apps\\genres\\node_modules\\express\\lib\\router\\index.js:47:12)\n    at newFn (D:\\Aplications\\Apps\\genres\\node_modules\\express-async-errors\\index.js:16:20)\n    at Layer.handle [as handle_request] (D:\\Aplications\\Apps\\genres\\node_modules\\express\\lib\\router\\layer.js:95:5)\n    at trim_prefix (D:\\Aplications\\Apps\\genres\\node_modules\\express\\lib\\router\\index.js:317:13)\n    at D:\\Aplications\\Apps\\genres\\node_modules\\express\\lib\\router\\index.js:284:7\n    at Function.process_params (D:\\Aplications\\Apps\\genres\\node_modules\\express\\lib\\router\\index.js:335:12)\n    at next (D:\\Aplications\\Apps\\genres\\node_modules\\express\\lib\\router\\index.js:275:10)\n    at D:\\Aplications\\Apps\\genres\\node_modules\\express\\lib\\router\\index.js:635:15\n    at next (D:\\Aplications\\Apps\\genres\\node_modules\\express\\lib\\router\\index.js:260:14)","level":"error","timestamp":"2021-04-27T19:20:13.898Z"}
{"level":"info","message":"listening on port 5000","timestamp":"2021-04-27T19:21:10.554Z"}
{"level":"info","message":"Connected to mongodb://localhost/MyMovieApp...","timestamp":"2021-04-27T19:21:10.569Z"}
{"level":"info","message":"listening on port 5000","timestamp":"2021-04-27T19:21:26.998Z"}
{"level":"info","message":"Connected to mongodb://localhost/MyMovieApp...","timestamp":"2021-04-27T19:21:27.013Z"}
{"level":"info","message":"listening on port 5000","timestamp":"2021-04-27T19:21:31.558Z"}
{"level":"info","message":"Connected to mongodb://localhost/MyMovieApp...","timestamp":"2021-04-27T19:21:31.573Z"}
{"level":"info","message":"listening on port 5000","timestamp":"2021-04-27T19:22:03.394Z"}
{"level":"info","message":"Connected to mongodb://localhost/MyMovieApp...","timestamp":"2021-04-27T19:22:03.409Z"}
{"level":"info","message":"listening on port 5000","timestamp":"2021-04-27T19:22:46.939Z"}
{"level":"info","message":"Connected to mongodb://localhost/MyMovieApp...","timestamp":"2021-04-27T19:22:46.955Z"}
{"level":"info","message":"listening on port 5000","timestamp":"2021-04-27T19:23:21.873Z"}
{"level":"info","message":"Connected to mongodb://localhost/MyMovieApp...","timestamp":"2021-04-27T19:23:21.888Z"}
{"level":"info","message":"listening on port 5000","timestamp":"2021-04-27T19:23:37.020Z"}
{"level":"info","message":"Connected to mongodb://localhost/MyMovieApp...","timestamp":"2021-04-27T19:23:37.036Z"}
{"level":"info","message":"listening on port 5000","timestamp":"2021-04-27T19:23:46.997Z"}
{"level":"info","message":"Connected to mongodb://localhost/MyMovieApp...","timestamp":"2021-04-27T19:23:47.012Z"}
{"level":"info","message":"listening on port 5000","timestamp":"2021-04-27T19:23:56.242Z"}
{"level":"info","message":"Connected to mongodb://localhost/MyMovieApp...","timestamp":"2021-04-27T19:23:56.258Z"}
{"level":"info","message":"listening on port 5000","timestamp":"2021-04-27T19:24:00.862Z"}
{"level":"info","message":"Connected to mongodb://localhost/MyMovieApp...","timestamp":"2021-04-27T19:24:00.878Z"}
{"level":"info","message":"listening on port 5000","timestamp":"2021-04-27T19:24:11.027Z"}
{"level":"info","message":"Connected to mongodb://localhost/MyMovieApp...","timestamp":"2021-04-27T19:24:11.043Z"}
{"level":"info","message":"listening on port 5000","timestamp":"2021-04-27T19:24:17.081Z"}
{"level":"info","message":"Connected to mongodb://localhost/MyMovieApp...","timestamp":"2021-04-27T19:24:17.095Z"}
{"level":"info","message":"listening on port 5000","timestamp":"2021-04-27T19:25:34.950Z"}
{"level":"info","message":"Connected to mongodb://localhost/MyMovieApp...","timestamp":"2021-04-27T19:25:34.966Z"}
{"level":"info","message":"listening on port 5000","timestamp":"2021-04-27T19:26:19.792Z"}
{"level":"info","message":"Connected to mongodb://localhost/MyMovieApp...","timestamp":"2021-04-27T19:26:19.808Z"}
{"level":"info","message":"listening on port 5000","timestamp":"2021-04-27T19:34:13.113Z"}
{"level":"info","message":"Connected to mongodb://localhost/MyMovieApp...","timestamp":"2021-04-27T19:34:13.129Z"}
{"message":"Cannot read property 'isAdmin' of undefined","stack":"TypeError: Cannot read property 'isAdmin' of undefined\n    at module.exports (D:\\Aplications\\Apps\\genres\\middleware\\admin.js:2:14)\n    at newFn (D:\\Aplications\\Apps\\genres\\node_modules\\express-async-errors\\index.js:16:20)\n    at Layer.handle [as handle_request] (D:\\Aplications\\Apps\\genres\\node_modules\\express\\lib\\router\\layer.js:95:5)\n    at next (D:\\Aplications\\Apps\\genres\\node_modules\\express\\lib\\router\\route.js:137:13)\n    at auth (D:\\Aplications\\Apps\\genres\\middleware\\auth.js:19:1)\n    at newFn (D:\\Aplications\\Apps\\genres\\node_modules\\express-async-errors\\index.js:16:20)\n    at Layer.handle [as handle_request] (D:\\Aplications\\Apps\\genres\\node_modules\\express\\lib\\router\\layer.js:95:5)\n    at next (D:\\Aplications\\Apps\\genres\\node_modules\\express\\lib\\router\\route.js:137:13)\n    at Route.dispatch (D:\\Aplications\\Apps\\genres\\node_modules\\express\\lib\\router\\route.js:112:3)\n    at newFn (D:\\Aplications\\Apps\\genres\\node_modules\\express-async-errors\\index.js:16:20)\n    at Layer.handle [as handle_request] (D:\\Aplications\\Apps\\genres\\node_modules\\express\\lib\\router\\layer.js:95:5)\n    at D:\\Aplications\\Apps\\genres\\node_modules\\express\\lib\\router\\index.js:281:22\n    at param (D:\\Aplications\\Apps\\genres\\node_modules\\express\\lib\\router\\index.js:354:14)\n    at param (D:\\Aplications\\Apps\\genres\\node_modules\\express\\lib\\router\\index.js:365:14)\n    at Function.process_params (D:\\Aplications\\Apps\\genres\\node_modules\\express\\lib\\router\\index.js:410:3)\n    at next (D:\\Aplications\\Apps\\genres\\node_modules\\express\\lib\\router\\index.js:275:10)\n    at Function.handle (D:\\Aplications\\Apps\\genres\\node_modules\\express\\lib\\router\\index.js:174:3)\n    at router (D:\\Aplications\\Apps\\genres\\node_modules\\express\\lib\\router\\index.js:47:12)\n    at newFn (D:\\Aplications\\Apps\\genres\\node_modules\\express-async-errors\\index.js:16:20)\n    at Layer.handle [as handle_request] (D:\\Aplications\\Apps\\genres\\node_modules\\express\\lib\\router\\layer.js:95:5)\n    at trim_prefix (D:\\Aplications\\Apps\\genres\\node_modules\\express\\lib\\router\\index.js:317:13)\n    at D:\\Aplications\\Apps\\genres\\node_modules\\express\\lib\\router\\index.js:284:7","level":"error","timestamp":"2021-04-27T19:51:44.100Z"}
{"message":"Cannot read property 'isAdmin' of undefined","stack":"TypeError: Cannot read property 'isAdmin' of undefined\n    at module.exports (D:\\Aplications\\Apps\\genres\\middleware\\admin.js:2:14)\n    at newFn (D:\\Aplications\\Apps\\genres\\node_modules\\express-async-errors\\index.js:16:20)\n    at Layer.handle [as handle_request] (D:\\Aplications\\Apps\\genres\\node_modules\\express\\lib\\router\\layer.js:95:5)\n    at next (D:\\Aplications\\Apps\\genres\\node_modules\\express\\lib\\router\\route.js:137:13)\n    at auth (D:\\Aplications\\Apps\\genres\\middleware\\auth.js:19:1)\n    at newFn (D:\\Aplications\\Apps\\genres\\node_modules\\express-async-errors\\index.js:16:20)\n    at Layer.handle [as handle_request] (D:\\Aplications\\Apps\\genres\\node_modules\\express\\lib\\router\\layer.js:95:5)\n    at next (D:\\Aplications\\Apps\\genres\\node_modules\\express\\lib\\router\\route.js:137:13)\n    at Route.dispatch (D:\\Aplications\\Apps\\genres\\node_modules\\express\\lib\\router\\route.js:112:3)\n    at newFn (D:\\Aplications\\Apps\\genres\\node_modules\\express-async-errors\\index.js:16:20)\n    at Layer.handle [as handle_request] (D:\\Aplications\\Apps\\genres\\node_modules\\express\\lib\\router\\layer.js:95:5)\n    at D:\\Aplications\\Apps\\genres\\node_modules\\express\\lib\\router\\index.js:281:22\n    at param (D:\\Aplications\\Apps\\genres\\node_modules\\express\\lib\\router\\index.js:354:14)\n    at param (D:\\Aplications\\Apps\\genres\\node_modules\\express\\lib\\router\\index.js:365:14)\n    at Function.process_params (D:\\Aplications\\Apps\\genres\\node_modules\\express\\lib\\router\\index.js:410:3)\n    at next (D:\\Aplications\\Apps\\genres\\node_modules\\express\\lib\\router\\index.js:275:10)\n    at Function.handle (D:\\Aplications\\Apps\\genres\\node_modules\\express\\lib\\router\\index.js:174:3)\n    at router (D:\\Aplications\\Apps\\genres\\node_modules\\express\\lib\\router\\index.js:47:12)\n    at newFn (D:\\Aplications\\Apps\\genres\\node_modules\\express-async-errors\\index.js:16:20)\n    at Layer.handle [as handle_request] (D:\\Aplications\\Apps\\genres\\node_modules\\express\\lib\\router\\layer.js:95:5)\n    at trim_prefix (D:\\Aplications\\Apps\\genres\\node_modules\\express\\lib\\router\\index.js:317:13)\n    at D:\\Aplications\\Apps\\genres\\node_modules\\express\\lib\\router\\index.js:284:7","level":"error","timestamp":"2021-04-27T19:51:47.576Z"}
{"message":"Cannot read property 'isAdmin' of undefined","stack":"TypeError: Cannot read property 'isAdmin' of undefined\n    at module.exports (D:\\Aplications\\Apps\\genres\\middleware\\admin.js:2:14)\n    at newFn (D:\\Aplications\\Apps\\genres\\node_modules\\express-async-errors\\index.js:16:20)\n    at Layer.handle [as handle_request] (D:\\Aplications\\Apps\\genres\\node_modules\\express\\lib\\router\\layer.js:95:5)\n    at next (D:\\Aplications\\Apps\\genres\\node_modules\\express\\lib\\router\\route.js:137:13)\n    at auth (D:\\Aplications\\Apps\\genres\\middleware\\auth.js:19:1)\n    at newFn (D:\\Aplications\\Apps\\genres\\node_modules\\express-async-errors\\index.js:16:20)\n    at Layer.handle [as handle_request] (D:\\Aplications\\Apps\\genres\\node_modules\\express\\lib\\router\\layer.js:95:5)\n    at next (D:\\Aplications\\Apps\\genres\\node_modules\\express\\lib\\router\\route.js:137:13)\n    at Route.dispatch (D:\\Aplications\\Apps\\genres\\node_modules\\express\\lib\\router\\route.js:112:3)\n    at newFn (D:\\Aplications\\Apps\\genres\\node_modules\\express-async-errors\\index.js:16:20)\n    at Layer.handle [as handle_request] (D:\\Aplications\\Apps\\genres\\node_modules\\express\\lib\\router\\layer.js:95:5)\n    at D:\\Aplications\\Apps\\genres\\node_modules\\express\\lib\\router\\index.js:281:22\n    at param (D:\\Aplications\\Apps\\genres\\node_modules\\express\\lib\\router\\index.js:354:14)\n    at param (D:\\Aplications\\Apps\\genres\\node_modules\\express\\lib\\router\\index.js:365:14)\n    at Function.process_params (D:\\Aplications\\Apps\\genres\\node_modules\\express\\lib\\router\\index.js:410:3)\n    at next (D:\\Aplications\\Apps\\genres\\node_modules\\express\\lib\\router\\index.js:275:10)\n    at Function.handle (D:\\Aplications\\Apps\\genres\\node_modules\\express\\lib\\router\\index.js:174:3)\n    at router (D:\\Aplications\\Apps\\genres\\node_modules\\express\\lib\\router\\index.js:47:12)\n    at newFn (D:\\Aplications\\Apps\\genres\\node_modules\\express-async-errors\\index.js:16:20)\n    at Layer.handle [as handle_request] (D:\\Aplications\\Apps\\genres\\node_modules\\express\\lib\\router\\layer.js:95:5)\n    at trim_prefix (D:\\Aplications\\Apps\\genres\\node_modules\\express\\lib\\router\\index.js:317:13)\n    at D:\\Aplications\\Apps\\genres\\node_modules\\express\\lib\\router\\index.js:284:7","level":"error","timestamp":"2021-04-27T19:51:58.368Z"}
{"message":"Cannot read property 'isAdmin' of undefined","stack":"TypeError: Cannot read property 'isAdmin' of undefined\n    at module.exports (D:\\Aplications\\Apps\\genres\\middleware\\admin.js:2:14)\n    at newFn (D:\\Aplications\\Apps\\genres\\node_modules\\express-async-errors\\index.js:16:20)\n    at Layer.handle [as handle_request] (D:\\Aplications\\Apps\\genres\\node_modules\\express\\lib\\router\\layer.js:95:5)\n    at next (D:\\Aplications\\Apps\\genres\\node_modules\\express\\lib\\router\\route.js:137:13)\n    at auth (D:\\Aplications\\Apps\\genres\\middleware\\auth.js:19:1)\n    at newFn (D:\\Aplications\\Apps\\genres\\node_modules\\express-async-errors\\index.js:16:20)\n    at Layer.handle [as handle_request] (D:\\Aplications\\Apps\\genres\\node_modules\\express\\lib\\router\\layer.js:95:5)\n    at next (D:\\Aplications\\Apps\\genres\\node_modules\\express\\lib\\router\\route.js:137:13)\n    at Route.dispatch (D:\\Aplications\\Apps\\genres\\node_modules\\express\\lib\\router\\route.js:112:3)\n    at newFn (D:\\Aplications\\Apps\\genres\\node_modules\\express-async-errors\\index.js:16:20)\n    at Layer.handle [as handle_request] (D:\\Aplications\\Apps\\genres\\node_modules\\express\\lib\\router\\layer.js:95:5)\n    at D:\\Aplications\\Apps\\genres\\node_modules\\express\\lib\\router\\index.js:281:22\n    at param (D:\\Aplications\\Apps\\genres\\node_modules\\express\\lib\\router\\index.js:354:14)\n    at param (D:\\Aplications\\Apps\\genres\\node_modules\\express\\lib\\router\\index.js:365:14)\n    at Function.process_params (D:\\Aplications\\Apps\\genres\\node_modules\\express\\lib\\router\\index.js:410:3)\n    at next (D:\\Aplications\\Apps\\genres\\node_modules\\express\\lib\\router\\index.js:275:10)\n    at Function.handle (D:\\Aplications\\Apps\\genres\\node_modules\\express\\lib\\router\\index.js:174:3)\n    at router (D:\\Aplications\\Apps\\genres\\node_modules\\express\\lib\\router\\index.js:47:12)\n    at newFn (D:\\Aplications\\Apps\\genres\\node_modules\\express-async-errors\\index.js:16:20)\n    at Layer.handle [as handle_request] (D:\\Aplications\\Apps\\genres\\node_modules\\express\\lib\\router\\layer.js:95:5)\n    at trim_prefix (D:\\Aplications\\Apps\\genres\\node_modules\\express\\lib\\router\\index.js:317:13)\n    at D:\\Aplications\\Apps\\genres\\node_modules\\express\\lib\\router\\index.js:284:7","level":"error","timestamp":"2021-04-27T19:53:02.477Z"}
{"message":"Cannot read property 'isAdmin' of undefined","stack":"TypeError: Cannot read property 'isAdmin' of undefined\n    at module.exports (D:\\Aplications\\Apps\\genres\\middleware\\admin.js:2:14)\n    at newFn (D:\\Aplications\\Apps\\genres\\node_modules\\express-async-errors\\index.js:16:20)\n    at Layer.handle [as handle_request] (D:\\Aplications\\Apps\\genres\\node_modules\\express\\lib\\router\\layer.js:95:5)\n    at next (D:\\Aplications\\Apps\\genres\\node_modules\\express\\lib\\router\\route.js:137:13)\n    at auth (D:\\Aplications\\Apps\\genres\\middleware\\auth.js:19:1)\n    at newFn (D:\\Aplications\\Apps\\genres\\node_modules\\express-async-errors\\index.js:16:20)\n    at Layer.handle [as handle_request] (D:\\Aplications\\Apps\\genres\\node_modules\\express\\lib\\router\\layer.js:95:5)\n    at next (D:\\Aplications\\Apps\\genres\\node_modules\\express\\lib\\router\\route.js:137:13)\n    at Route.dispatch (D:\\Aplications\\Apps\\genres\\node_modules\\express\\lib\\router\\route.js:112:3)\n    at newFn (D:\\Aplications\\Apps\\genres\\node_modules\\express-async-errors\\index.js:16:20)\n    at Layer.handle [as handle_request] (D:\\Aplications\\Apps\\genres\\node_modules\\express\\lib\\router\\layer.js:95:5)\n    at D:\\Aplications\\Apps\\genres\\node_modules\\express\\lib\\router\\index.js:281:22\n    at param (D:\\Aplications\\Apps\\genres\\node_modules\\express\\lib\\router\\index.js:354:14)\n    at param (D:\\Aplications\\Apps\\genres\\node_modules\\express\\lib\\router\\index.js:365:14)\n    at Function.process_params (D:\\Aplications\\Apps\\genres\\node_modules\\express\\lib\\router\\index.js:410:3)\n    at next (D:\\Aplications\\Apps\\genres\\node_modules\\express\\lib\\router\\index.js:275:10)\n    at Function.handle (D:\\Aplications\\Apps\\genres\\node_modules\\express\\lib\\router\\index.js:174:3)\n    at router (D:\\Aplications\\Apps\\genres\\node_modules\\express\\lib\\router\\index.js:47:12)\n    at newFn (D:\\Aplications\\Apps\\genres\\node_modules\\express-async-errors\\index.js:16:20)\n    at Layer.handle [as handle_request] (D:\\Aplications\\Apps\\genres\\node_modules\\express\\lib\\router\\layer.js:95:5)\n    at trim_prefix (D:\\Aplications\\Apps\\genres\\node_modules\\express\\lib\\router\\index.js:317:13)\n    at D:\\Aplications\\Apps\\genres\\node_modules\\express\\lib\\router\\index.js:284:7","level":"error","timestamp":"2021-04-27T19:53:48.785Z"}
{"level":"info","message":"listening on port 5000","timestamp":"2021-04-28T19:09:11.892Z"}
{"level":"info","message":"Connected to mongodb://localhost/MyMovieApp...","timestamp":"2021-04-28T19:09:11.914Z"}
